<?xml version="1.0" encoding="UTF-8"?>
<testsuite name="org.example.MetodosTest" tests="1" skipped="0" failures="0" errors="0" timestamp="2023-03-16T06:53:02" hostname="andree-linux" time="0.01">
  <properties/>
  <testcase name="calculararea()" classname="org.example.MetodosTest" time="0.01"/>
  <system-out><![CDATA[]]></system-out>
  <system-err><![CDATA[]]></system-err>
</testsuite>
